<?xml version="1.0" encoding="UTF-8"?>
<testsuite xmlns:xsi="http://www.w3.org/2001/XMLSchema-instance" xsi:noNamespaceSchemaLocation="https://maven.apache.org/surefire/maven-surefire-plugin/xsd/surefire-test-report.xsd" name="goo.galileu.Galileu.GalileuApplicationTests" time="0.283" tests="1" errors="1" skipped="0" failures="0">
  <properties>
[...]
</properties>
  <testcase name="goo.galileu.Galileu.GalileuApplicationTests" classname="goo.galileu.Galileu.GalileuApplicationTests" time="0.28">
    <error message="Unable to find a @SpringBootConfiguration, you need to use @ContextConfiguration or @SpringBootTest(classes=...) with your test" type="java.lang.IllegalStateException">java.lang.IllegalStateException: Unable to find a @SpringBootConfiguration, you need to use @ContextConfiguration or @SpringBootTest(classes=...) with your test
</error>
    <system-out><![CDATA[14:48:54.492 [main] DEBUG org.springframework.test.context.BootstrapUtils - Instantiating CacheAwareContextLoaderDelegate from class [org.springframework.test.context.cache.DefaultCacheAwareContextLoaderDelegate]
14:48:54.503 [main] DEBUG org.springframework.test.context.BootstrapUtils - Instantiating BootstrapContext using constructor [public org.springframework.test.context.support.DefaultBootstrapContext(java.lang.Class,org.springframework.test.context.CacheAwareContextLoaderDelegate)]
14:48:54.540 [main] DEBUG org.springframework.test.context.BootstrapUtils - Instantiating TestContextBootstrapper for test class [goo.galileu.Galileu.GalileuApplicationTests] from class [org.springframework.boot.test.context.SpringBootTestContextBootstrapper]
14:48:54.560 [main] INFO org.springframework.boot.test.context.SpringBootTestContextBootstrapper - Neither @ContextConfiguration nor @ContextHierarchy found for test class [goo.galileu.Galileu.GalileuApplicationTests], using SpringBootContextLoader
14:48:54.565 [main] DEBUG org.springframework.test.context.support.AbstractContextLoader - Did not detect default resource location for test class [goo.galileu.Galileu.GalileuApplicationTests]: class path resource [goo/galileu/Galileu/GalileuApplicationTests-context.xml] does not exist
14:48:54.565 [main] DEBUG org.springframework.test.context.support.AbstractContextLoader - Did not detect default resource location for test class [goo.galileu.Galileu.GalileuApplicationTests]: class path resource [goo/galileu/Galileu/GalileuApplicationTestsContext.groovy] does not exist
14:48:54.566 [main] INFO org.springframework.test.context.support.AbstractContextLoader - Could not detect default resource locations for test class [goo.galileu.Galileu.GalileuApplicationTests]: no resource found for suffixes {-context.xml, Context.groovy}.
14:48:54.566 [main] INFO org.springframework.test.context.support.AnnotationConfigContextLoaderUtils - Could not detect default configuration classes for test class [goo.galileu.Galileu.GalileuApplicationTests]: GalileuApplicationTests does not declare any static, non-private, non-final, nested classes annotated with @Configuration.
14:48:54.604 [main] DEBUG org.springframework.test.context.support.ActiveProfilesUtils - Could not find an 'annotation declaring class' for annotation type [org.springframework.test.context.ActiveProfiles] and class [goo.galileu.Galileu.GalileuApplicationTests]
14:48:54.640 [main] DEBUG org.springframework.test.context.BootstrapUtils - Instantiating CacheAwareContextLoaderDelegate from class [org.springframework.test.context.cache.DefaultCacheAwareContextLoaderDelegate]
14:48:54.640 [main] DEBUG org.springframework.test.context.BootstrapUtils - Instantiating BootstrapContext using constructor [public org.springframework.test.context.support.DefaultBootstrapContext(java.lang.Class,org.springframework.test.context.CacheAwareContextLoaderDelegate)]
14:48:54.641 [main] DEBUG org.springframework.test.context.BootstrapUtils - Instantiating TestContextBootstrapper for test class [goo.galileu.Galileu.GalileuApplicationTests] from class [org.springframework.boot.test.context.SpringBootTestContextBootstrapper]
14:48:54.641 [main] INFO org.springframework.boot.test.context.SpringBootTestContextBootstrapper - Neither @ContextConfiguration nor @ContextHierarchy found for test class [goo.galileu.Galileu.GalileuApplicationTests], using SpringBootContextLoader
14:48:54.642 [main] DEBUG org.springframework.test.context.support.AbstractContextLoader - Did not detect default resource location for test class [goo.galileu.Galileu.GalileuApplicationTests]: class path resource [goo/galileu/Galileu/GalileuApplicationTests-context.xml] does not exist
14:48:54.642 [main] DEBUG org.springframework.test.context.support.AbstractContextLoader - Did not detect default resource location for test class [goo.galileu.Galileu.GalileuApplicationTests]: class path resource [goo/galileu/Galileu/GalileuApplicationTestsContext.groovy] does not exist
14:48:54.642 [main] INFO org.springframework.test.context.support.AbstractContextLoader - Could not detect default resource locations for test class [goo.galileu.Galileu.GalileuApplicationTests]: no resource found for suffixes {-context.xml, Context.groovy}.
14:48:54.642 [main] INFO org.springframework.test.context.support.AnnotationConfigContextLoaderUtils - Could not detect default configuration classes for test class [goo.galileu.Galileu.GalileuApplicationTests]: GalileuApplicationTests does not declare any static, non-private, non-final, nested classes annotated with @Configuration.
14:48:54.644 [main] DEBUG org.springframework.test.context.support.ActiveProfilesUtils - Could not find an 'annotation declaring class' for annotation type [org.springframework.test.context.ActiveProfiles] and class [goo.galileu.Galileu.GalileuApplicationTests]
14:48:54.646 [main] DEBUG org.springframework.test.context.BootstrapUtils - Instantiating CacheAwareContextLoaderDelegate from class [org.springframework.test.context.cache.DefaultCacheAwareContextLoaderDelegate]
14:48:54.647 [main] DEBUG org.springframework.test.context.BootstrapUtils - Instantiating BootstrapContext using constructor [public org.springframework.test.context.support.DefaultBootstrapContext(java.lang.Class,org.springframework.test.context.CacheAwareContextLoaderDelegate)]
14:48:54.647 [main] DEBUG org.springframework.test.context.BootstrapUtils - Instantiating TestContextBootstrapper for test class [goo.galileu.Galileu.GalileuApplicationTests] from class [org.springframework.boot.test.context.SpringBootTestContextBootstrapper]
14:48:54.648 [main] INFO org.springframework.boot.test.context.SpringBootTestContextBootstrapper - Neither @ContextConfiguration nor @ContextHierarchy found for test class [goo.galileu.Galileu.GalileuApplicationTests], using SpringBootContextLoader
14:48:54.648 [main] DEBUG org.springframework.test.context.support.AbstractContextLoader - Did not detect default resource location for test class [goo.galileu.Galileu.GalileuApplicationTests]: class path resource [goo/galileu/Galileu/GalileuApplicationTests-context.xml] does not exist
14:48:54.649 [main] DEBUG org.springframework.test.context.support.AbstractContextLoader - Did not detect default resource location for test class [goo.galileu.Galileu.GalileuApplicationTests]: class path resource [goo/galileu/Galileu/GalileuApplicationTestsContext.groovy] does not exist
14:48:54.649 [main] INFO org.springframework.test.context.support.AbstractContextLoader - Could not detect default resource locations for test class [goo.galileu.Galileu.GalileuApplicationTests]: no resource found for suffixes {-context.xml, Context.groovy}.
14:48:54.649 [main] INFO org.springframework.test.context.support.AnnotationConfigContextLoaderUtils - Could not detect default configuration classes for test class [goo.galileu.Galileu.GalileuApplicationTests]: GalileuApplicationTests does not declare any static, non-private, non-final, nested classes annotated with @Configuration.
14:48:54.651 [main] DEBUG org.springframework.test.context.support.ActiveProfilesUtils - Could not find an 'annotation declaring class' for annotation type [org.springframework.test.context.ActiveProfiles] and class [goo.galileu.Galileu.GalileuApplicationTests]
]]></system-out>
  </testcase>
</testsuite>